[debug] [2021-01-29T15:37:56.310Z] ----------------------------------------------------------------------
[debug] [2021-01-29T15:37:56.313Z] Command:       C:\Users\erwin\DOWNLO~1\firebase-tools-instant-win.exe C:\Users\erwin\.cache\firebase\tools\lib\node_modules\firebase-tools\lib\bin\firebase init
[debug] [2021-01-29T15:37:56.314Z] CLI Version:   9.2.2
[debug] [2021-01-29T15:37:56.314Z] Platform:      win32
[debug] [2021-01-29T15:37:56.314Z] Node Version:  v12.18.1
[debug] [2021-01-29T15:37:56.315Z] Time:          Fri Jan 29 2021 16:37:56 GMT+0100 (GMT+01:00)
[debug] [2021-01-29T15:37:56.315Z] ----------------------------------------------------------------------
[debug] [2021-01-29T15:37:56.316Z] 
[debug] [2021-01-29T15:37:56.323Z] > command requires scopes: ["email","openid","https://www.googleapis.com/auth/cloudplatformprojects.readonly","https://www.googleapis.com/auth/firebase","https://www.googleapis.com/auth/cloud-platform"]
[debug] [2021-01-29T15:37:56.324Z] > authorizing via signed-in user
[info] 
     ######## #### ########  ######## ########     ###     ######  ########
     ##        ##  ##     ## ##       ##     ##  ##   ##  ##       ##
     ######    ##  ########  ######   ########  #########  ######  ######
     ##        ##  ##    ##  ##       ##     ## ##     ##       ## ##
     ##       #### ##     ## ######## ########  ##     ##  ######  ########

You're about to initialize a Firebase project in this directory:

  C:\Users\erwin\Documents\DS Website\Firebase Website

[info] 
=== Project Setup
[info] 
[info] First, let's associate this project directory with a Firebase project.
[info] You can create multiple project aliases by running firebase use --add, 
[info] but for now we'll just set up a default project.
[info] 
[debug] [2021-01-29T15:41:52.654Z] >>> [apiv2][query] GET https://firebase.googleapis.com/v1beta1/projects pageSize=100
[debug] [2021-01-29T15:41:53.158Z] <<< [apiv2][status] GET https://firebase.googleapis.com/v1beta1/projects 200
[debug] [2021-01-29T15:41:53.158Z] <<< [apiv2][body] GET https://firebase.googleapis.com/v1beta1/projects [omitted]
[info] i  Using project gzportfoliowebsite (portfoliowebsite) 
[info] 
=== Hosting Setup
[info] 
[info] Your public directory is the folder (relative to your project directory) that
[info] will contain Hosting assets to be uploaded with firebase deploy. If you
[info] have a build process for your assets, use your build's output directory.
[info] 
